{"level":"info","message":"[mb:2525] mountebank v2.5.0 now taking orders - point your browser to http://localhost:2525/ for help","timestamp":"2022-02-15T08:25:46.723Z"}
{"level":"info","message":"[mb:2525] GET /images/book.jpg","timestamp":"2022-02-15T08:28:15.535Z"}
{"level":"info","message":"[mb:2525] GET /images/book.jpg","timestamp":"2022-02-15T08:28:17.471Z"}
{"level":"info","message":"[mb:2525] GET /images/book.jpg","timestamp":"2022-02-15T08:30:00.577Z"}
{"level":"info","message":"[mb:2525] POST /imposters","timestamp":"2022-02-15T08:31:12.319Z"}
{"level":"info","message":"[http:4545] Open for business...","timestamp":"2022-02-15T08:31:12.333Z"}
{"level":"info","message":"[mb:2525] GET /imposters/4545","timestamp":"2022-02-15T08:31:57.662Z"}
{"level":"info","message":"[mb:2525] POST /imposters/4545/stubs","timestamp":"2022-02-15T08:32:49.519Z"}
{"level":"error","message":"[mb:2525] Invalid JSON: {\r\n  \"index\": 0,\r\n  \"stub\": {\r\n    \"responses\": [{\r\n      \"is\": {\r\n        \"body\": \"Hello, world!\"\r\n      }\r\n    }]\r\n  }\r\n},\r\n{\r\n  \"index\": 1,\r\n  \"stub\": {\r\n    \"responses\": [{\r\n      \"is\": {\r\n        \"body\": \"Hello,2 world!\"\r\n      }\r\n    }]\r\n  }\r\n}","timestamp":"2022-02-15T08:32:49.523Z"}
{"level":"info","message":"[http:4545] ::1:62607 => GET /","timestamp":"2022-02-15T08:33:31.173Z"}
{"level":"info","message":"[http:4545] no predicate match, using default response","timestamp":"2022-02-15T08:33:31.180Z"}
{"level":"info","message":"[http:4545] ::1:60640 => GET /stubs","timestamp":"2022-02-15T08:33:44.728Z"}
{"level":"info","message":"[http:4545] no predicate match, using default response","timestamp":"2022-02-15T08:33:44.729Z"}
{"level":"info","message":"[mb:2525] POST /imposters/4545/stubs","timestamp":"2022-02-15T08:34:22.093Z"}
{"level":"info","message":"[mb:2525] POST /imposters/4545/stubs","timestamp":"2022-02-15T08:35:44.618Z"}
{"level":"error","message":"[mb:2525] Invalid JSON: \r\n{\r\n  \"index\": 0,\r\n  \"stub\": {\r\n    \"responses\": [{\r\n      \"is\": {\r\n        \"body\": [\r\n        {\r\n            id:0,\r\n            \"username\":\"hong\"\r\n        },\r\n        {\r\n            id:1,\r\n            \"username\":\"hong1\"\r\n        }\r\n        ]\r\n      }\r\n    }]\r\n  }\r\n}\r\n","timestamp":"2022-02-15T08:35:44.621Z"}
{"level":"info","message":"[mb:2525] POST /imposters/4545/stubs","timestamp":"2022-02-15T08:35:56.553Z"}
{"level":"info","message":"[http:4545] ::1:58045 => GET /stubs","timestamp":"2022-02-15T08:36:01.857Z"}
{"level":"info","message":"[http:4545] ::1:51120 => POST /stubs","timestamp":"2022-02-15T08:39:11.658Z"}
{"level":"info","message":"[http:4545] ::1:51122 => GET /stubs","timestamp":"2022-02-15T08:39:16.868Z"}
{"level":"info","message":"[http:4545] ::1:51131 => POST /stubs","timestamp":"2022-02-15T08:41:08.268Z"}
{"level":"info","message":"[mb:2525] POST /imposters/4545/stubs","timestamp":"2022-02-15T08:48:41.867Z"}
{"level":"info","message":"[http:4545] ::1:64143 => GET /stubs","timestamp":"2022-02-15T08:48:51.918Z"}
{"level":"info","message":"[http:4545] ::1:50569 => GET /stubs","timestamp":"2022-02-15T08:49:20.160Z"}
{"level":"info","message":"[http:4545] ::1:61827 => GET /stubs","timestamp":"2022-02-15T08:50:12.070Z"}
{"level":"info","message":"[http:4545] ::1:61907 => GET /stubs","timestamp":"2022-02-15T08:51:25.304Z"}
{"level":"info","message":"[http:4545] ::1:61921 => GET /stubs","timestamp":"2022-02-15T08:51:31.379Z"}
{"level":"info","message":"[http:4545] ::1:61944 => GET /stubs","timestamp":"2022-02-15T08:51:34.468Z"}
{"level":"info","message":"[http:4545] ::1:61956 => GET /stubs","timestamp":"2022-02-15T08:51:45.587Z"}
{"level":"info","message":"[http:4545] ::1:61964 => GET /stubs","timestamp":"2022-02-15T08:51:52.130Z"}
{"level":"info","message":"[http:4545] ::1:55728 => GET /stubs","timestamp":"2022-02-15T08:53:50.032Z"}
{"level":"info","message":"[http:4545] ::1:58448 => GET /stubs","timestamp":"2022-02-15T09:00:48.264Z"}
{"level":"info","message":"[http:4545] ::1:58495 => GET /stubs","timestamp":"2022-02-15T09:01:07.800Z"}
{"level":"info","message":"[http:4545] ::1:58513 => GET /stubs","timestamp":"2022-02-15T09:01:16.451Z"}
{"level":"info","message":"[http:4545] ::1:60522 => GET /stubs","timestamp":"2022-02-15T09:01:52.892Z"}
{"level":"info","message":"[http:4545] ::1:60525 => GET /stubs","timestamp":"2022-02-15T09:02:18.382Z"}
{"level":"info","message":"[http:4545] ::1:52293 => GET /stubs","timestamp":"2022-02-15T09:15:41.106Z"}
{"level":"info","message":"[http:4545] ::1:52305 => GET /stubs/2","timestamp":"2022-02-15T09:15:43.551Z"}
{"level":"info","message":"[http:4545] ::1:62893 => GET /stubs","timestamp":"2022-02-15T09:20:03.779Z"}
{"level":"info","message":"[http:4545] ::1:62900 => GET /stubs","timestamp":"2022-02-15T09:20:04.458Z"}
{"level":"info","message":"[http:4545] ::1:62907 => GET /stubs/2","timestamp":"2022-02-15T09:20:05.886Z"}
{"level":"info","message":"[http:4545] ::1:62801 => GET /stubs","timestamp":"2022-02-15T09:21:50.133Z"}
{"level":"info","message":"[http:4545] ::1:62808 => GET /stubs","timestamp":"2022-02-15T09:21:50.799Z"}
{"level":"info","message":"[http:4545] ::1:62823 => GET /stubs","timestamp":"2022-02-15T09:22:06.873Z"}
{"level":"info","message":"[http:4545] ::1:62833 => GET /stubs/3","timestamp":"2022-02-15T09:22:13.846Z"}
{"level":"info","message":"[http:4545] ::1:62914 => GET /stubs","timestamp":"2022-02-15T09:23:50.379Z"}
{"level":"info","message":"[http:4545] ::1:62925 => GET /stubs/NaN","timestamp":"2022-02-15T09:23:55.732Z"}
{"level":"info","message":"[http:4545] ::1:62926 => GET /stubs","timestamp":"2022-02-15T09:23:58.013Z"}
{"level":"info","message":"[http:4545] ::1:62947 => GET /stubs","timestamp":"2022-02-15T09:24:12.921Z"}
{"level":"info","message":"[http:4545] ::1:62953 => GET /stubs","timestamp":"2022-02-15T09:24:13.386Z"}
{"level":"info","message":"[http:4545] ::1:62957 => GET /stubs/NaN","timestamp":"2022-02-15T09:24:14.921Z"}
{"level":"info","message":"[http:4545] ::1:62959 => GET /stubs","timestamp":"2022-02-15T09:24:17.141Z"}
{"level":"info","message":"[http:4545] ::1:62966 => GET /stubs/NaN","timestamp":"2022-02-15T09:24:21.260Z"}
{"level":"info","message":"[http:4545] ::1:62971 => GET /stubs","timestamp":"2022-02-15T09:24:25.766Z"}
{"level":"info","message":"[http:4545] ::1:53328 => GET /stubs","timestamp":"2022-02-15T09:25:25.674Z"}
{"level":"info","message":"[http:4545] ::1:53332 => GET /stubs","timestamp":"2022-02-15T09:25:26.102Z"}
{"level":"info","message":"[http:4545] ::1:61411 => GET /stubs/3","timestamp":"2022-02-15T09:25:27.634Z"}
{"level":"info","message":"[http:4545] ::1:55682 => GET /stubs","timestamp":"2022-02-15T09:25:49.993Z"}
{"level":"info","message":"[http:4545] ::1:55687 => GET /stubs","timestamp":"2022-02-15T09:25:50.695Z"}
{"level":"info","message":"[http:4545] ::1:55689 => GET /stubs/2","timestamp":"2022-02-15T09:25:51.369Z"}
{"level":"info","message":"[http:4545] ::1:56848 => GET /stubs?id=1","timestamp":"2022-02-15T09:27:19.371Z"}
{"level":"info","message":"[mb:2525] GET /imposters/4545/stubs?id=1","timestamp":"2022-02-15T09:27:34.134Z"}
{"level":"info","message":"[http:4545] ::1:56862 => GET /stubs?id=1","timestamp":"2022-02-15T09:27:37.272Z"}
{"level":"info","message":"[http:4545] ::1:63730 => GET /stubs","timestamp":"2022-02-15T09:29:37.749Z"}
{"level":"info","message":"[http:4545] ::1:63738 => GET /stubs","timestamp":"2022-02-15T09:29:38.327Z"}
{"level":"info","message":"[http:4545] ::1:63741 => GET /stubs/3","timestamp":"2022-02-15T09:29:40.977Z"}
{"level":"info","message":"[http:4545] ::1:57434 => GET /stubs","timestamp":"2022-02-15T09:29:59.486Z"}
{"level":"info","message":"[http:4545] ::1:57437 => GET /stubs","timestamp":"2022-02-15T09:30:00.045Z"}
{"level":"info","message":"[http:4545] ::1:51713 => GET /stubs","timestamp":"2022-02-15T09:30:18.339Z"}
{"level":"info","message":"[http:4545] ::1:51727 => GET /stubs","timestamp":"2022-02-15T09:30:28.349Z"}
{"level":"info","message":"[http:4545] ::1:51748 => GET /stubs","timestamp":"2022-02-15T09:30:49.993Z"}
{"level":"info","message":"[http:4545] ::1:51751 => GET /stubs/0.3","timestamp":"2022-02-15T09:30:53.546Z"}
{"level":"info","message":"[http:4545] ::1:51786 => GET /stubs/0.3","timestamp":"2022-02-15T09:31:35.192Z"}
{"level":"info","message":"[http:4545] ::1:51792 => GET /stubs","timestamp":"2022-02-15T09:31:35.984Z"}
{"level":"info","message":"[http:4545] ::1:51798 => GET /stubs/3","timestamp":"2022-02-15T09:31:38.711Z"}
{"level":"info","message":"[http:4545] ::1:51806 => GET /stubs","timestamp":"2022-02-15T09:31:50.243Z"}
{"level":"info","message":"[http:4545] ::1:59649 => GET /stubs/3","timestamp":"2022-02-15T09:35:01.016Z"}
{"level":"info","message":"[http:4545] ::1:52924 => GET /stubs","timestamp":"2022-02-15T09:36:48.056Z"}
{"level":"info","message":"[http:4545] ::1:52929 => GET /stubs","timestamp":"2022-02-15T09:36:49.523Z"}
{"level":"info","message":"[http:4545] ::1:52943 => GET /stubs","timestamp":"2022-02-15T09:37:14.712Z"}
{"level":"info","message":"[http:4545] ::1:58460 => GET /stubs","timestamp":"2022-02-15T09:37:56.762Z"}
{"level":"info","message":"[http:4545] ::1:58479 => GET /stubs","timestamp":"2022-02-15T09:38:10.926Z"}
{"level":"info","message":"[http:4545] ::1:58508 => GET /stubs","timestamp":"2022-02-15T09:38:24.850Z"}
{"level":"info","message":"[http:4545] ::1:58510 => GET /stubs","timestamp":"2022-02-15T09:38:26.575Z"}
{"level":"info","message":"[http:4545] ::1:56225 => GET /stubs","timestamp":"2022-02-15T09:39:43.043Z"}
{"level":"info","message":"[http:4545] ::1:56228 => GET /stubs","timestamp":"2022-02-15T09:39:45.133Z"}
{"level":"info","message":"[http:4545] ::1:56269 => GET /stubs","timestamp":"2022-02-15T09:40:14.387Z"}
{"level":"info","message":"[http:4545] ::1:60969 => GET /stubs","timestamp":"2022-02-15T09:45:01.470Z"}
{"level":"info","message":"[http:4545] ::1:55489 => GET /stubs","timestamp":"2022-02-15T09:45:35.526Z"}
{"level":"info","message":"[http:4545] ::1:50963 => GET /stubs","timestamp":"2022-02-15T09:48:50.024Z"}
{"level":"info","message":"[http:4545] ::1:53420 => GET /stubs","timestamp":"2022-02-15T09:49:56.230Z"}
{"level":"info","message":"[http:4545] ::1:53493 => GET /stubs","timestamp":"2022-02-15T09:51:27.027Z"}
{"level":"info","message":"[mb:2525] POST /imposters/4545/stubs","timestamp":"2022-02-15T09:52:16.116Z"}
{"level":"info","message":"[mb:2525] POST /imposters/4545/stubs","timestamp":"2022-02-15T09:52:27.933Z"}
{"level":"info","message":"[http:4545] ::1:56101 => GET /stubs","timestamp":"2022-02-15T09:53:10.173Z"}
{"level":"info","message":"[http:4545] ::1:58279 => GET /stubs","timestamp":"2022-02-15T09:53:50.799Z"}
{"level":"info","message":"[http:4545] ::1:58351 => GET /stubs","timestamp":"2022-02-15T09:55:18.004Z"}
{"level":"info","message":"[http:4545] ::1:58364 => GET /stubs","timestamp":"2022-02-15T09:55:28.940Z"}
{"level":"info","message":"[http:4545] ::1:52022 => GET /stubs","timestamp":"2022-02-15T09:56:22.329Z"}
{"level":"info","message":"[mb:2525] OPTIONS /imposters/4545/stubs","timestamp":"2022-02-15T09:56:31.693Z"}
{"level":"info","message":"[mb:2525] OPTIONS /imposters/4545/stubs","timestamp":"2022-02-15T09:56:31.697Z"}
{"level":"info","message":"[mb:2525] OPTIONS /imposters/4545/stubs","timestamp":"2022-02-15T09:56:31.699Z"}
{"level":"info","message":"[mb:2525] OPTIONS /imposters/4545/stubs","timestamp":"2022-02-15T09:56:31.702Z"}
{"level":"info","message":"[mb:2525] OPTIONS /imposters/4545/stubs","timestamp":"2022-02-15T09:56:31.710Z"}
{"level":"info","message":"[mb:2525] OPTIONS /imposters/4545/stubs","timestamp":"2022-02-15T09:56:31.715Z"}
{"level":"info","message":"[mb:2525] OPTIONS /imposters/4545/stubs","timestamp":"2022-02-15T09:56:31.719Z"}
{"level":"info","message":"[mb:2525] OPTIONS /imposters/4545/stubs","timestamp":"2022-02-15T09:56:31.723Z"}
{"level":"info","message":"[mb:2525] OPTIONS /imposters/4545/stubs","timestamp":"2022-02-15T09:56:31.726Z"}
{"level":"info","message":"[mb:2525] OPTIONS /imposters/4545/stubs","timestamp":"2022-02-15T09:56:31.732Z"}
{"level":"info","message":"[mb:2525] OPTIONS /imposters/4545/stubs","timestamp":"2022-02-15T09:56:31.736Z"}
{"level":"info","message":"[mb:2525] OPTIONS /imposters/4545/stubs","timestamp":"2022-02-15T09:56:31.742Z"}
{"level":"info","message":"[mb:2525] OPTIONS /imposters/4545/stubs","timestamp":"2022-02-15T09:56:31.745Z"}
{"level":"info","message":"[mb:2525] OPTIONS /imposters/4545/stubs","timestamp":"2022-02-15T09:56:31.749Z"}
{"level":"info","message":"[mb:2525] OPTIONS /imposters/4545/stubs","timestamp":"2022-02-15T09:56:31.753Z"}
{"level":"info","message":"[mb:2525] OPTIONS /imposters/4545/stubs","timestamp":"2022-02-15T09:56:31.758Z"}
{"level":"info","message":"[http:4545] ::1:52048 => GET /stubs","timestamp":"2022-02-15T09:56:38.069Z"}
{"level":"info","message":"[http:4545] ::1:60723 => GET /stubs","timestamp":"2022-02-15T09:58:48.372Z"}
{"level":"info","message":"[mb:2525] POST /imposters/4545/stubs","timestamp":"2022-02-15T09:58:57.041Z"}
{"level":"error","message":"[mb:2525] Invalid JSON: {\n              \"index\": 0,\n              \"stub\": {\n                \"responses\": [{\n                  \"is\": {\n                    \"body\": [\n                        [object Object]\n                    ]\n                  }\n                }]\n              }\n            }\n            ","timestamp":"2022-02-15T09:58:57.044Z"}
{"level":"info","message":"[mb:2525] POST /imposters/4545/stubs","timestamp":"2022-02-15T09:58:57.048Z"}
{"level":"error","message":"[mb:2525] Invalid JSON: {\n              \"index\": 0,\n              \"stub\": {\n                \"responses\": [{\n                  \"is\": {\n                    \"body\": [\n                        [object Object]\n                    ]\n                  }\n                }]\n              }\n            }\n            ","timestamp":"2022-02-15T09:58:57.050Z"}
{"level":"info","message":"[mb:2525] POST /imposters/4545/stubs","timestamp":"2022-02-15T09:58:57.052Z"}
{"level":"error","message":"[mb:2525] Invalid JSON: {\n              \"index\": 0,\n              \"stub\": {\n                \"responses\": [{\n                  \"is\": {\n                    \"body\": [\n                        [object Object]\n                    ]\n                  }\n                }]\n              }\n            }\n            ","timestamp":"2022-02-15T09:58:57.054Z"}
{"level":"info","message":"[mb:2525] POST /imposters/4545/stubs","timestamp":"2022-02-15T09:58:57.055Z"}
{"level":"error","message":"[mb:2525] Invalid JSON: {\n              \"index\": 0,\n              \"stub\": {\n                \"responses\": [{\n                  \"is\": {\n                    \"body\": [\n                        [object Object]\n                    ]\n                  }\n                }]\n              }\n            }\n            ","timestamp":"2022-02-15T09:58:57.057Z"}
{"level":"info","message":"[mb:2525] POST /imposters/4545/stubs","timestamp":"2022-02-15T09:58:57.063Z"}
{"level":"error","message":"[mb:2525] Invalid JSON: {\n              \"index\": 0,\n              \"stub\": {\n                \"responses\": [{\n                  \"is\": {\n                    \"body\": [\n                        [object Object]\n                    ]\n                  }\n                }]\n              }\n            }\n            ","timestamp":"2022-02-15T09:58:57.065Z"}
{"level":"info","message":"[mb:2525] POST /imposters/4545/stubs","timestamp":"2022-02-15T09:58:57.071Z"}
{"level":"error","message":"[mb:2525] Invalid JSON: {\n              \"index\": 0,\n              \"stub\": {\n                \"responses\": [{\n                  \"is\": {\n                    \"body\": [\n                        [object Object]\n                    ]\n                  }\n                }]\n              }\n            }\n            ","timestamp":"2022-02-15T09:58:57.072Z"}
{"level":"info","message":"[mb:2525] POST /imposters/4545/stubs","timestamp":"2022-02-15T09:58:57.078Z"}
{"level":"error","message":"[mb:2525] Invalid JSON: {\n              \"index\": 0,\n              \"stub\": {\n                \"responses\": [{\n                  \"is\": {\n                    \"body\": [\n                        [object Object]\n                    ]\n                  }\n                }]\n              }\n            }\n            ","timestamp":"2022-02-15T09:58:57.080Z"}
{"level":"info","message":"[mb:2525] POST /imposters/4545/stubs","timestamp":"2022-02-15T09:58:57.090Z"}
{"level":"error","message":"[mb:2525] Invalid JSON: {\n              \"index\": 0,\n              \"stub\": {\n                \"responses\": [{\n                  \"is\": {\n                    \"body\": [\n                        [object Object]\n                    ]\n                  }\n                }]\n              }\n            }\n            ","timestamp":"2022-02-15T09:58:57.091Z"}
{"level":"info","message":"[mb:2525] POST /imposters/4545/stubs","timestamp":"2022-02-15T09:58:57.098Z"}
{"level":"error","message":"[mb:2525] Invalid JSON: {\n              \"index\": 0,\n              \"stub\": {\n                \"responses\": [{\n                  \"is\": {\n                    \"body\": [\n                        [object Object]\n                    ]\n                  }\n                }]\n              }\n            }\n            ","timestamp":"2022-02-15T09:58:57.100Z"}
{"level":"info","message":"[mb:2525] POST /imposters/4545/stubs","timestamp":"2022-02-15T09:58:57.103Z"}
{"level":"error","message":"[mb:2525] Invalid JSON: {\n              \"index\": 0,\n              \"stub\": {\n                \"responses\": [{\n                  \"is\": {\n                    \"body\": [\n                        [object Object]\n                    ]\n                  }\n                }]\n              }\n            }\n            ","timestamp":"2022-02-15T09:58:57.107Z"}
{"level":"info","message":"[mb:2525] POST /imposters/4545/stubs","timestamp":"2022-02-15T09:58:57.118Z"}
{"level":"error","message":"[mb:2525] Invalid JSON: {\n              \"index\": 0,\n              \"stub\": {\n                \"responses\": [{\n                  \"is\": {\n                    \"body\": [\n                        [object Object]\n                    ]\n                  }\n                }]\n              }\n            }\n            ","timestamp":"2022-02-15T09:58:57.137Z"}
{"level":"info","message":"[mb:2525] POST /imposters/4545/stubs","timestamp":"2022-02-15T09:58:57.150Z"}
{"level":"error","message":"[mb:2525] Invalid JSON: {\n              \"index\": 0,\n              \"stub\": {\n                \"responses\": [{\n                  \"is\": {\n                    \"body\": [\n                        [object Object]\n                    ]\n                  }\n                }]\n              }\n            }\n            ","timestamp":"2022-02-15T09:58:57.158Z"}
{"level":"info","message":"[mb:2525] POST /imposters/4545/stubs","timestamp":"2022-02-15T09:58:57.161Z"}
{"level":"error","message":"[mb:2525] Invalid JSON: {\n              \"index\": 0,\n              \"stub\": {\n                \"responses\": [{\n                  \"is\": {\n                    \"body\": [\n                        [object Object]\n                    ]\n                  }\n                }]\n              }\n            }\n            ","timestamp":"2022-02-15T09:58:57.165Z"}
{"level":"info","message":"[mb:2525] POST /imposters/4545/stubs","timestamp":"2022-02-15T09:58:57.169Z"}
{"level":"error","message":"[mb:2525] Invalid JSON: {\n              \"index\": 0,\n              \"stub\": {\n                \"responses\": [{\n                  \"is\": {\n                    \"body\": [\n                        [object Object]\n                    ]\n                  }\n                }]\n              }\n            }\n            ","timestamp":"2022-02-15T09:58:57.187Z"}
{"level":"info","message":"[mb:2525] POST /imposters/4545/stubs","timestamp":"2022-02-15T09:58:57.194Z"}
{"level":"error","message":"[mb:2525] Invalid JSON: {\n              \"index\": 0,\n              \"stub\": {\n                \"responses\": [{\n                  \"is\": {\n                    \"body\": [\n                        [object Object]\n                    ]\n                  }\n                }]\n              }\n            }\n            ","timestamp":"2022-02-15T09:58:57.196Z"}
{"level":"info","message":"[mb:2525] POST /imposters/4545/stubs","timestamp":"2022-02-15T09:58:57.203Z"}
{"level":"error","message":"[mb:2525] Invalid JSON: {\n              \"index\": 0,\n              \"stub\": {\n                \"responses\": [{\n                  \"is\": {\n                    \"body\": [\n                        [object Object]\n                    ]\n                  }\n                }]\n              }\n            }\n            ","timestamp":"2022-02-15T09:58:57.211Z"}
{"level":"info","message":"[mb:2525] POST /imposters/4545/stubs","timestamp":"2022-02-15T09:58:57.222Z"}
{"level":"error","message":"[mb:2525] Invalid JSON: {\n              \"index\": 0,\n              \"stub\": {\n                \"responses\": [{\n                  \"is\": {\n                    \"body\": [\n                        [object Object]\n                    ]\n                  }\n                }]\n              }\n            }\n            ","timestamp":"2022-02-15T09:58:57.225Z"}
{"level":"info","message":"[http:4545] ::1:60773 => GET /stubs","timestamp":"2022-02-15T09:59:42.092Z"}
{"level":"info","message":"[mb:2525] POST /imposters/4545/stubs","timestamp":"2022-02-15T09:59:55.746Z"}
{"level":"error","message":"[mb:2525] Invalid JSON: {\n              \"index\": 0,\n              \"stub\": {\n                \"responses\": [{\n                  \"is\": {\n                    \"body\":\n                        [object Object],[object Object],[object Object],[object Object],[object Object],[object Object],[object Object],[object Object],[object Object],[object Object],[object Object],[object Object],[object Object],[object Object],[object Object],[object Object],[object Object]\n                  }\n                }]\n              }\n            }\n            ","timestamp":"2022-02-15T09:59:55.748Z"}
{"level":"info","message":"[http:4545] ::1:60834 => GET /stubs","timestamp":"2022-02-15T10:00:47.789Z"}
{"level":"info","message":"[mb:2525] POST /imposters/4545/stubs","timestamp":"2022-02-15T10:01:03.577Z"}
{"level":"info","message":"[mb:2525] POST /imposters/4545/stubs","timestamp":"2022-02-15T10:01:11.691Z"}
{"level":"info","message":"[http:4545] ::1:60884 => GET /stubs","timestamp":"2022-02-15T10:01:20.281Z"}
{"level":"info","message":"[mb:2525] POST /imposters/4545/stubs","timestamp":"2022-02-15T10:01:33.787Z"}
{"level":"info","message":"[http:4545] ::1:60145 => GET /stubs","timestamp":"2022-02-15T10:01:41.174Z"}
{"level":"info","message":"[http:4545] ::1:64271 => GET /stubs","timestamp":"2022-02-15T10:02:17.198Z"}
{"level":"info","message":"[http:4545] ::1:64297 => GET /stubs","timestamp":"2022-02-15T10:02:39.092Z"}
{"level":"info","message":"[mb:2525] POST /imposters/4545/stubs","timestamp":"2022-02-15T10:02:50.516Z"}
{"level":"info","message":"[http:4545] ::1:64397 => GET /stubs","timestamp":"2022-02-15T10:04:31.541Z"}
{"level":"info","message":"[mb:2525] POST /imposters/4545/stubs","timestamp":"2022-02-15T10:04:43.062Z"}
{"level":"info","message":"[http:4545] ::1:64414 => GET /stubs","timestamp":"2022-02-15T10:04:51.028Z"}
{"level":"info","message":"[http:4545] ::1:64421 => GET /stubs","timestamp":"2022-02-15T10:05:01.873Z"}
{"level":"info","message":"[http:4545] ::1:53372 => GET /stubs","timestamp":"2022-02-15T10:06:55.334Z"}
{"level":"info","message":"[http:4545] ::1:53387 => GET /stubs","timestamp":"2022-02-15T10:07:07.276Z"}
{"level":"info","message":"[mb:2525] OPTIONS /imposters/4545/stubs","timestamp":"2022-02-15T10:07:22.277Z"}
{"level":"info","message":"[http:4545] ::1:53427 => GET /stubs","timestamp":"2022-02-15T10:07:47.182Z"}
{"level":"info","message":"[mb:2525] OPTIONS /imposters/4545/stubs","timestamp":"2022-02-15T10:08:36.022Z"}
{"level":"info","message":"[http:4545] ::1:59822 => GET /stubs","timestamp":"2022-02-15T10:10:34.015Z"}
{"level":"info","message":"[mb:2525] OPTIONS /imposters/4545/stubs","timestamp":"2022-02-15T10:10:54.961Z"}
{"level":"info","message":"[http:4545] ::1:61241 => GET /stubs","timestamp":"2022-02-15T10:14:52.737Z"}
{"level":"info","message":"[mb:2525] OPTIONS /imposters/4545/stubs","timestamp":"2022-02-15T10:15:04.761Z"}
{"level":"info","message":"[http:4545] ::1:51580 => GET /stubs","timestamp":"2022-02-15T10:15:39.747Z"}
{"level":"info","message":"[mb:2525] OPTIONS /imposters/4545/stubs","timestamp":"2022-02-15T10:15:55.731Z"}
{"level":"info","message":"[http:4545] ::1:52386 => GET /stubs","timestamp":"2022-02-15T10:19:49.955Z"}
{"level":"info","message":"[mb:2525] OPTIONS /imposters/4545/stubs","timestamp":"2022-02-15T10:20:01.647Z"}
{"level":"info","message":"[http:4545] ::1:50718 => GET /stubs","timestamp":"2022-02-15T10:20:16.221Z"}
{"level":"info","message":"[mb:2525] OPTIONS /imposters/4545/stubs","timestamp":"2022-02-15T10:20:51.445Z"}
{"level":"info","message":"[http:4545] ::1:63021 => GET /stubs","timestamp":"2022-02-15T10:21:07.842Z"}
{"level":"info","message":"[mb:2525] OPTIONS /imposters/4545/stubs","timestamp":"2022-02-15T10:21:28.104Z"}
{"level":"info","message":"[http:4545] ::1:50388 => GET /stubs","timestamp":"2022-02-15T10:25:08.887Z"}
{"level":"info","message":"[http:4545] ::1:63258 => GET /stubs","timestamp":"2022-02-15T10:25:32.305Z"}
{"level":"info","message":"[mb:2525] OPTIONS /imposters/4545/stubs","timestamp":"2022-02-15T10:25:54.492Z"}
{"level":"info","message":"[mb:2525] OPTIONS /imposters/4545/stubs","timestamp":"2022-02-15T10:29:08.597Z"}
{"level":"info","message":"[http:4545] ::1:64226 => GET /stubs","timestamp":"2022-02-15T10:32:02.009Z"}
{"level":"info","message":"[mb:2525] OPTIONS /imposters/4545/stubs","timestamp":"2022-02-15T10:32:33.915Z"}
{"level":"info","message":"[mb:2525] OPTIONS /imposters/4545/stubs","timestamp":"2022-02-15T10:32:33.918Z"}
{"level":"info","message":"[mb:2525] OPTIONS /imposters/4545/stubs","timestamp":"2022-02-15T10:32:33.927Z"}
{"level":"info","message":"[mb:2525] OPTIONS /imposters/4545/stubs","timestamp":"2022-02-15T10:32:33.930Z"}
{"level":"info","message":"[mb:2525] OPTIONS /imposters/4545/stubs","timestamp":"2022-02-15T10:32:33.934Z"}
{"level":"info","message":"[mb:2525] OPTIONS /imposters/4545/stubs","timestamp":"2022-02-15T10:32:33.936Z"}
{"level":"info","message":"[mb:2525] OPTIONS /imposters/4545/stubs","timestamp":"2022-02-15T10:32:33.944Z"}
{"level":"info","message":"[mb:2525] OPTIONS /imposters/4545/stubs","timestamp":"2022-02-15T10:32:33.947Z"}
{"level":"info","message":"[mb:2525] OPTIONS /imposters/4545/stubs","timestamp":"2022-02-15T10:32:33.952Z"}
{"level":"info","message":"[mb:2525] OPTIONS /imposters/4545/stubs","timestamp":"2022-02-15T10:32:33.957Z"}
{"level":"info","message":"[mb:2525] OPTIONS /imposters/4545/stubs","timestamp":"2022-02-15T10:32:33.959Z"}
{"level":"info","message":"[http:4545] ::1:60358 => GET /stubs","timestamp":"2022-02-15T10:36:38.587Z"}
{"level":"info","message":"[http:4545] ::1:60397 => GET /stubs","timestamp":"2022-02-15T10:37:16.387Z"}
